mai 14 03:15:45 raspberrypi influxd[9666]: runtime: out of memory: cannot allocate 74612736-byte block (887980032 in use)
mai 14 03:15:45 raspberrypi influxd[9666]: fatal error: out of memory
mai 14 03:15:45 raspberrypi influxd[9666]: runtime stack:
mai 14 03:15:45 raspberrypi influxd[9666]: runtime.throw(0x8ca717, 0xd)
mai 14 03:15:45 raspberrypi influxd[9666]:         /usr/lib/go-1.11/src/runtime/panic.go:608 +0x5c
mai 14 03:15:45 raspberrypi influxd[9666]: runtime.largeAlloc(0x47265ce, 0x101, 0x1918c40)
mai 14 03:15:45 raspberrypi influxd[9666]:         /usr/lib/go-1.11/src/runtime/malloc.go:1021 +0x120
mai 14 03:15:45 raspberrypi influxd[9666]: runtime.mallocgc.func1()
mai 14 03:15:45 raspberrypi influxd[9666]:         /usr/lib/go-1.11/src/runtime/malloc.go:914 +0x38
mai 14 03:15:45 raspberrypi influxd[9666]: runtime.systemstack(0x152)
mai 14 03:15:45 raspberrypi influxd[9666]:         /usr/lib/go-1.11/src/runtime/asm_arm.s:354 +0x84
mai 14 03:15:45 raspberrypi influxd[9666]: runtime.mstart()
mai 14 03:15:45 raspberrypi influxd[9666]:         /usr/lib/go-1.11/src/runtime/proc.go:1229
mai 14 03:15:45 raspberrypi influxd[9666]: goroutine 63 [running]:
mai 14 03:15:45 raspberrypi influxd[9666]: runtime.systemstack_switch()
mai 14 03:15:45 raspberrypi influxd[9666]:         /usr/lib/go-1.11/src/runtime/asm_arm.s:298 +0x4 fp=0x5cd14f4 sp=0x5cd14f0 pc=0x6aa68
mai 14 03:15:45 raspberrypi influxd[9666]: runtime.mallocgc(0x47265ce, 0x7e4568, 0x1501, 0x3ff00000)
mai 14 03:15:45 raspberrypi influxd[9666]:         /usr/lib/go-1.11/src/runtime/malloc.go:913 +0x898 fp=0x5cd1558 sp=0x5cd14f4 pc=0x1cdf0
mai 14 03:15:45 raspberrypi influxd[9666]: runtime.makeslice(0x7e4568, 0x47265ce, 0x47265ce, 0x0, 0xa2a0cf, 0x0)
mai 14 03:15:45 raspberrypi influxd[9666]:         /usr/lib/go-1.11/src/runtime/slice.go:70 +0x68 fp=0x5cd156c sp=0x5cd1558 pc=0x55558
mai 14 03:15:45 raspberrypi influxd[9666]: github.com/golang/snappy.Encode(0x0, 0x0, 0x0, 0x29122000, 0x3cfc4df, 0x40ae000, 0x3e8, 0x397e000, 0x15c9)
mai 14 03:15:45 raspberrypi influxd[9666]:         github.com/golang/snappy/encode.go:22 +0x1f4 fp=0x5cd1594 sp=0x5cd156c pc=0x468700
mai 14 03:15:45 raspberrypi influxd[9666]: github.com/influxdata/influxdb/tsdb/engine/tsm1.(*StringEncoder).Bytes(0x5cb5668, 0x397e000, 0x15c9, 0x1f41, 0x0, 0x0)
mai 14 03:15:45 raspberrypi influxd[9666]:         github.com/influxdata/influxdb/tsdb/engine/tsm1/string.go:56 +0x44 fp=0x5cd15d0 sp=0x5cd1594 pc=0x63f06c
mai 14 03:15:45 raspberrypi influxd[9666]: github.com/influxdata/influxdb/tsdb/engine/tsm1.encodeStringValuesBlock.func1(0x6448000, 0x3e8, 0x600, 0x9f01c8, 0x1926a80, 0x5cb5668, 0x0, 0x0, 0x0, 0x5cd1674, ...)
mai 14 03:15:45 raspberrypi influxd[9666]:         github.com/influxdata/influxdb/tsdb/engine/tsm1/encoding.gen.go:1252 +0xec fp=0x5cd1624 sp=0x5cd15d0 pc=0x6517e4
mai 14 03:15:45 raspberrypi influxd[9666]: github.com/influxdata/influxdb/tsdb/engine/tsm1.encodeStringValuesBlock(0x0, 0x0, 0x0, 0x6448000, 0x3e8, 0x600, 0x64498a0, 0x1b78800, 0x36c0, 0x1890, ...)
mai 14 03:15:45 raspberrypi influxd[9666]:         github.com/influxdata/influxdb/tsdb/engine/tsm1/encoding.gen.go:1262 +0xdc fp=0x5cd1680 sp=0x5cd1624 pc=0x601134
mai 14 03:15:46 raspberrypi influxd[9666]: github.com/influxdata/influxdb/tsdb/engine/tsm1.StringValues.Encode(0x6448000, 0x3e8, 0x600, 0x0, 0x0, 0x0, 0x64498a0, 0x36c, 0x476, 0x1b78800, ...)
mai 14 03:15:46 raspberrypi influxd[9666]:         github.com/influxdata/influxdb/tsdb/engine/tsm1/encoding.gen.go:1227 +0x44 fp=0x5cd16b0 sp=0x5cd1680 pc=0x601020
mai 14 03:15:46 raspberrypi influxd[9666]: github.com/influxdata/influxdb/tsdb/engine/tsm1.(*tsmKeyIterator).chunkString(0x4030000, 0x0, 0x0, 0x0, 0x36c, 0x36c, 0x6448000)
mai 14 03:15:46 raspberrypi influxd[9666]:         github.com/influxdata/influxdb/tsdb/engine/tsm1/compact.gen.go:772 +0x60 fp=0x5cd1714 sp=0x5cd16b0 pc=0x5ed0b0
mai 14 03:15:46 raspberrypi influxd[9666]: github.com/influxdata/influxdb/tsdb/engine/tsm1.(*tsmKeyIterator).combineString(0x4030000, 0x27c7101, 0x9f1088, 0x27c7190, 0x4)
mai 14 03:15:46 raspberrypi influxd[9666]:         github.com/influxdata/influxdb/tsdb/engine/tsm1/compact.gen.go:697 +0x86c fp=0x5cd179c sp=0x5cd1714 pc=0x5ec6cc
mai 14 03:15:46 raspberrypi influxd[9666]: github.com/influxdata/influxdb/tsdb/engine/tsm1.(*tsmKeyIterator).mergeString(0x4030000)
mai 14 03:15:46 raspberrypi influxd[9666]:         github.com/influxdata/influxdb/tsdb/engine/tsm1/compact.gen.go:632 +0x24c fp=0x5cd17b4 sp=0x5cd179c pc=0x5ebd20
mai 14 03:15:46 raspberrypi influxd[9666]: github.com/influxdata/influxdb/tsdb/engine/tsm1.(*tsmKeyIterator).merge(0x4030000)
mai 14 03:15:46 raspberrypi influxd[9666]:         github.com/influxdata/influxdb/tsdb/engine/tsm1/compact.go:1501 +0xf4 fp=0x5cd17dc sp=0x5cd17b4 pc=0x5f5ee0
mai 14 03:15:46 raspberrypi influxd[9666]: github.com/influxdata/influxdb/tsdb/engine/tsm1.(*tsmKeyIterator).Next(0x4030000, 0x9ad97f9)
mai 14 03:15:46 raspberrypi influxd[9666]:         github.com/influxdata/influxdb/tsdb/engine/tsm1/compact.go:1356 +0xdb8 fp=0x5cd18f0 sp=0x5cd17dc pc=0x5f5c7c
mai 14 03:15:46 raspberrypi influxd[9666]: github.com/influxdata/influxdb/tsdb/engine/tsm1.(*Compactor).write(0x18a8540, 0x4032000, 0x46, 0x9f2cd8, 0x4030000, 0x402e101, 0x0, 0x0)
mai 14 03:15:46 raspberrypi influxd[9666]:         github.com/influxdata/influxdb/tsdb/engine/tsm1/compact.go:1109 +0x144 fp=0x5cd1968 sp=0x5cd18f0 pc=0x5f42a0
mai 14 03:15:46 raspberrypi influxd[9666]: github.com/influxdata/influxdb/tsdb/engine/tsm1.(*Compactor).writeNewFiles(0x18a8540, 0x22, 0x3, 0x3162240, 0x4, 0x4, 0x9f2cd8, 0x4030000, 0x1, 0x8fa554, ...)
mai 14 03:15:46 raspberrypi influxd[9666]:         github.com/influxdata/influxdb/tsdb/engine/tsm1/compact.go:1013 +0x128 fp=0x5cd19c0 sp=0x5cd1968 pc=0x5f3db8
mai 14 03:15:46 raspberrypi influxd[9666]: github.com/influxdata/influxdb/tsdb/engine/tsm1.(*Compactor).compact(0x18a8540, 0x8fa400, 0x3162240, 0x4, 0x4, 0x0, 0x0, 0x0, 0x0, 0x0)
mai 14 03:15:46 raspberrypi influxd[9666]:         github.com/influxdata/influxdb/tsdb/engine/tsm1/compact.go:921 +0x4a8 fp=0x5cd1a50 sp=0x5cd19c0 pc=0x5f3560
mai 14 03:15:46 raspberrypi influxd[9666]: github.com/influxdata/influxdb/tsdb/engine/tsm1.(*Compactor).CompactFull(0x18a8540, 0x3162240, 0x4, 0x4, 0x0, 0x0, 0x0, 0x0, 0x0)
mai 14 03:15:46 raspberrypi influxd[9666]:         github.com/influxdata/influxdb/tsdb/engine/tsm1/compact.go:939 +0x108 fp=0x5cd1aa0 sp=0x5cd1a50 pc=0x5f36f8
mai 14 03:15:46 raspberrypi influxd[9666]: github.com/influxdata/influxdb/tsdb/engine/tsm1.(*compactionStrategy).compactGroup(0x192b080)
mai 14 03:15:46 raspberrypi influxd[9666]:         github.com/influxdata/influxdb/tsdb/engine/tsm1/engine.go:2134 +0xaac fp=0x5cd1f88 sp=0x5cd1aa0 pc=0x613244
mai 14 03:15:46 raspberrypi influxd[9666]: github.com/influxdata/influxdb/tsdb/engine/tsm1.(*compactionStrategy).Apply(0x192b080)
mai 14 03:15:46 raspberrypi influxd[9666]:         github.com/influxdata/influxdb/tsdb/engine/tsm1/engine.go:2111 +0x2c fp=0x5cd1fbc sp=0x5cd1f88 pc=0x612758
mai 14 03:15:46 raspberrypi influxd[9666]: github.com/influxdata/influxdb/tsdb/engine/tsm1.(*Engine).compactHiPriorityLevel.func1(0x5576d00, 0x19760b0, 0x2, 0x192b080)
mai 14 03:15:46 raspberrypi influxd[9666]:         github.com/influxdata/influxdb/tsdb/engine/tsm1/engine.go:2028 +0xc0 fp=0x5cd1fdc sp=0x5cd1fbc pc=0x655220
mai 14 03:15:46 raspberrypi influxd[9666]: runtime.goexit()
mai 14 03:15:46 raspberrypi influxd[9666]:         /usr/lib/go-1.11/src/runtime/asm_arm.s:867 +0x4 fp=0x5cd1fdc sp=0x5cd1fdc pc=0x6c8d4
mai 14 03:15:46 raspberrypi influxd[9666]: created by github.com/influxdata/influxdb/tsdb/engine/tsm1.(*Engine).compactHiPriorityLevel
mai 14 03:15:46 raspberrypi influxd[9666]:         github.com/influxdata/influxdb/tsdb/engine/tsm1/engine.go:2023 +0xf4
mai 14 03:15:46 raspberrypi influxd[9666]: goroutine 1 [chan receive]:
mai 14 03:15:46 raspberrypi influxd[9666]: main.(*Main).Run(0x1989fac, 0x1886068, 0x2, 0x3, 0xfbcf70, 0x0)
mai 14 03:15:46 raspberrypi influxd[9666]:         github.com/influxdata/influxdb/cmd/influxd/main.go:90 +0x234
mai 14 03:15:47 raspberrypi influxd[9666]: main.main()
mai 14 03:15:47 raspberrypi influxd[9666]:         github.com/influxdata/influxdb/cmd/influxd/main.go:45 +0x130
mai 14 03:15:49 raspberrypi influxd[9666]: goroutine 19 [syscall, 1 minutes]:
mai 14 03:15:49 raspberrypi influxd[9666]: os/signal.signal_recv(0x0)
mai 14 03:15:49 raspberrypi influxd[9666]:         /usr/lib/go-1.11/src/runtime/sigqueue.go:139 +0x130
mai 14 03:15:49 raspberrypi influxd[9666]: os/signal.loop()
mai 14 03:15:49 raspberrypi influxd[9666]:         /usr/lib/go-1.11/src/os/signal/signal_unix.go:23 +0x14
mai 14 03:15:49 raspberrypi influxd[9666]: created by os/signal.init.0
mai 14 03:15:49 raspberrypi influxd[9666]:         /usr/lib/go-1.11/src/os/signal/signal_unix.go:29 +0x30
mai 14 03:15:49 raspberrypi influxd[9666]: goroutine 22 [IO wait, 1 minutes]:
mai 14 03:15:49 raspberrypi influxd[9666]: internal/poll.runtime_pollWait(0x647c2fc0, 0x72, 0x0)
mai 14 03:15:49 raspberrypi influxd[9666]:         /usr/lib/go-1.11/src/runtime/netpoll.go:173 +0x44
mai 14 03:15:49 raspberrypi influxd[9666]: internal/poll.(*pollDesc).wait(0x18a5374, 0x72, 0x1824000, 0x0, 0x0)
mai 14 03:15:49 raspberrypi influxd[9666]:         /usr/lib/go-1.11/src/internal/poll/fd_poll_runtime.go:85 +0x7c
mai 14 03:15:49 raspberrypi influxd[9666]: internal/poll.(*pollDesc).waitRead(0x18a5374, 0xffffff00, 0x0, 0x0)
mai 14 03:15:49 raspberrypi influxd[9666]:         /usr/lib/go-1.11/src/internal/poll/fd_poll_runtime.go:90 +0x2c
mai 14 03:15:49 raspberrypi influxd[9666]: internal/poll.(*FD).Accept(0x18a5360, 0x0, 0x0, 0x0, 0x0, 0x0, 0x0, 0x0)
mai 14 03:15:49 raspberrypi influxd[9666]:         /usr/lib/go-1.11/src/internal/poll/fd_unix.go:384 +0x17c
mai 14 03:15:49 raspberrypi influxd[9666]: net.(*netFD).accept(0x18a5360, 0xffffffff, 0x0, 0x1)
mai 14 03:15:49 raspberrypi influxd[9666]:         /usr/lib/go-1.11/src/net/fd_unix.go:238 +0x20
mai 14 03:15:49 raspberrypi influxd[9666]: net.(*TCPListener).accept(0x19ea738, 0x19d5200, 0x40000000, 0x0)
mai 14 03:15:49 raspberrypi influxd[9666]:         /usr/lib/go-1.11/src/net/tcpsock_posix.go:139 +0x20
mai 14 03:15:49 raspberrypi influxd[9666]: net.(*TCPListener).Accept(0x19ea738, 0x1b0d8, 0x1885cf0, 0x0, 0x1)
mai 14 03:15:49 raspberrypi influxd[9666]:         /usr/lib/go-1.11/src/net/tcpsock.go:260 +0x3c
mai 14 03:15:49 raspberrypi influxd[9666]: github.com/influxdata/influxdb/tcp.(*Mux).Serve(0x19d5200, 0x9f0968, 0x19ea738, 0x19ea738, 0x0)
mai 14 03:15:49 raspberrypi influxd[9666]:         github.com/influxdata/influxdb/tcp/mux.go:75 +0x60
mai 14 03:15:49 raspberrypi influxd[9666]: created by github.com/influxdata/influxdb/cmd/influxd/run.(*Server).Open
mai 14 03:15:49 raspberrypi influxd[9666]:         github.com/influxdata/influxdb/cmd/influxd/run/server.go:398 +0x1ec
mai 14 03:15:49 raspberrypi influxd[9666]: goroutine 117 [select]:
mai 14 03:15:49 raspberrypi influxd[9666]: github.com/influxdata/influxdb/tsdb.(*PointBatcher).Start.func2(0x2a52840, 0x5a9fce0, 0x5a9fcd0, 0x36972c0)
mai 14 03:15:49 raspberrypi influxd[9666]:         github.com/influxdata/influxdb/tsdb/batcher.go:87 +0xcc
mai 14 03:15:49 raspberrypi influxd[9666]: created by github.com/influxdata/influxdb/tsdb.(*PointBatcher).Start
mai 14 03:15:49 raspberrypi influxd[9666]:         github.com/influxdata/influxdb/tsdb/batcher.go:84 +0x108
mai 14 03:15:49 raspberrypi influxd[9666]: goroutine 118 [runnable]:
mai 14 03:15:49 raspberrypi influxd[9666]: internal/poll.runtime_pollWait(0x647c2f40, 0x72, 0x0)
mai 14 03:15:49 raspberrypi influxd[9666]:         /usr/lib/go-1.11/src/runtime/netpoll.go:173 +0x44
mai 14 03:15:49 raspberrypi influxd[9666]: internal/poll.(*pollDesc).wait(0x193c604, 0x72, 0x0, 0x0, 0x0)
mai 14 03:15:49 raspberrypi influxd[9666]:         /usr/lib/go-1.11/src/internal/poll/fd_poll_runtime.go:85 +0x7c
mai 14 03:15:50 raspberrypi influxd[9666]: internal/poll.(*pollDesc).waitRead(0x193c604, 0x402c000, 0x5ac, 0x5ac)
mai 14 03:15:50 raspberrypi influxd[9666]:         /usr/lib/go-1.11/src/internal/poll/fd_poll_runtime.go:90 +0x2c
mai 14 03:15:50 raspberrypi influxd[9666]: internal/poll.(*FD).ReadFrom(0x193c5f0, 0x402c000, 0x5ac, 0x5ac, 0x0, 0x0, 0x0, 0x0, 0x0)
mai 14 03:15:50 raspberrypi influxd[9666]:         /usr/lib/go-1.11/src/internal/poll/fd_unix.go:219 +0x138
mai 14 03:15:50 raspberrypi influxd[9666]: net.(*netFD).readFrom(0x193c5f0, 0x402c000, 0x5ac, 0x5ac, 0x525, 0x9eac98, 0x16fc0, 0x172d0, 0x34632d0)
mai 14 03:15:50 raspberrypi influxd[9666]:         /usr/lib/go-1.11/src/net/fd_unix.go:208 +0x38
mai 14 03:15:50 raspberrypi influxd[9666]: net.(*UDPConn).readFrom(0x4db4cf0, 0x402c000, 0x5ac, 0x5ac, 0x12768, 0x129b4, 0xfcf650, 0x578a2c)
mai 14 03:15:50 raspberrypi influxd[9666]:         /usr/lib/go-1.11/src/net/udpsock_posix.go:47 +0x38
mai 14 03:15:50 raspberrypi influxd[9666]: net.(*UDPConn).ReadFromUDP(0x4db4cf0, 0x402c000, 0x5ac, 0x5ac, 0x0, 0x34cc5e0, 0x0, 0x0)
mai 14 03:15:50 raspberrypi influxd[9666]:         /usr/lib/go-1.11/src/net/udpsock.go:109 +0x58
mai 14 03:15:50 raspberrypi influxd[9666]: github.com/influxdata/influxdb/services/collectd.(*Service).serve(0x19f8150)
mai 14 03:15:50 raspberrypi influxd[9666]:         github.com/influxdata/influxdb/services/collectd/service.go:348 +0x90
mai 14 03:15:50 raspberrypi influxd[9666]: github.com/influxdata/influxdb/services/collectd.(*Service).Open.func2(0x19f8150)
mai 14 03:15:50 raspberrypi influxd[9666]:         github.com/influxdata/influxdb/services/collectd/service.go:208 +0x48
mai 14 03:15:50 raspberrypi influxd[9666]: created by github.com/influxdata/influxdb/services/collectd.(*Service).Open
mai 14 03:15:50 raspberrypi influxd[9666]:         github.com/influxdata/influxdb/services/collectd/service.go:208 +0x528
mai 14 03:15:50 raspberrypi influxd[9666]: goroutine 95 [select]:
mai 14 03:15:50 raspberrypi influxd[9666]: github.com/influxdata/influxdb/tsdb/engine/tsm1.(*Engine).compact(0x314e000, 0x5576d20)
mai 14 03:15:50 raspberrypi influxd[9666]:         github.com/influxdata/influxdb/tsdb/engine/tsm1/engine.go:1949 +0x1ac
mai 14 03:15:50 raspberrypi influxd[9666]: github.com/influxdata/influxdb/tsdb/engine/tsm1.(*Engine).enableLevelCompactions.func1(0x5576d20, 0x314e000)
mai 14 03:15:50 raspberrypi influxd[9666]:         github.com/influxdata/influxdb/tsdb/engine/tsm1/engine.go:407 +0x48
mai 14 03:15:50 raspberrypi influxd[9666]: created by github.com/influxdata/influxdb/tsdb/engine/tsm1.(*Engine).enableLevelCompactions
mai 14 03:15:50 raspberrypi influxd[9666]:         github.com/influxdata/influxdb/tsdb/engine/tsm1/engine.go:407 +0x114
mai 14 03:15:50 raspberrypi influxd[9666]: goroutine 94 [select]:
mai 14 03:15:50 raspberrypi influxd[9666]: github.com/influxdata/influxdb/tsdb/engine/tsm1.(*Engine).compactCache(0x314e000)
mai 14 03:15:50 raspberrypi influxd[9666]:         github.com/influxdata/influxdb/tsdb/engine/tsm1/engine.go:1902 +0xd8
mai 14 03:15:50 raspberrypi influxd[9666]: github.com/influxdata/influxdb/tsdb/engine/tsm1.(*Engine).enableSnapshotCompactions.func1(0x5576d10, 0x314e000)
mai 14 03:15:50 raspberrypi influxd[9666]:         github.com/influxdata/influxdb/tsdb/engine/tsm1/engine.go:486 +0x40
mai 14 03:15:50 raspberrypi influxd[9666]: created by github.com/influxdata/influxdb/tsdb/engine/tsm1.(*Engine).enableSnapshotCompactions
mai 14 03:15:50 raspberrypi influxd[9666]:         github.com/influxdata/influxdb/tsdb/engine/tsm1/engine.go:486 +0xfc
mai 14 03:15:50 raspberrypi influxd[9666]: goroutine 97 [select]:
mai 14 03:15:50 raspberrypi influxd[9666]: github.com/influxdata/influxdb/tsdb/engine/tsm1.(*Engine).compact(0x200e000, 0x5576d40)
mai 14 03:15:50 raspberrypi influxd[9666]:         github.com/influxdata/influxdb/tsdb/engine/tsm1/engine.go:1949 +0x1ac
mai 14 03:15:50 raspberrypi influxd[9666]: github.com/influxdata/influxdb/tsdb/engine/tsm1.(*Engine).enableLevelCompactions.func1(0x5576d40, 0x200e000)
mai 14 03:15:50 raspberrypi influxd[9666]:         github.com/influxdata/influxdb/tsdb/engine/tsm1/engine.go:407 +0x48
mai 14 03:15:50 raspberrypi influxd[9666]: created by github.com/influxdata/influxdb/tsdb/engine/tsm1.(*Engine).enableLevelCompactions
mai 14 03:15:50 raspberrypi influxd[9666]:         github.com/influxdata/influxdb/tsdb/engine/tsm1/engine.go:407 +0x114
mai 14 03:15:50 raspberrypi influxd[9666]: goroutine 96 [select]:
mai 14 03:15:50 raspberrypi influxd[9666]: github.com/influxdata/influxdb/tsdb/engine/tsm1.(*Engine).compactCache(0x200e000)
mai 14 03:15:50 raspberrypi influxd[9666]:         github.com/influxdata/influxdb/tsdb/engine/tsm1/engine.go:1902 +0xd8
mai 14 03:15:50 raspberrypi influxd[9666]: github.com/influxdata/influxdb/tsdb/engine/tsm1.(*Engine).enableSnapshotCompactions.func1(0x5576d30, 0x200e000)
mai 14 03:15:50 raspberrypi influxd[9666]:         github.com/influxdata/influxdb/tsdb/engine/tsm1/engine.go:486 +0x40
mai 14 03:15:50 raspberrypi influxd[9666]: created by github.com/influxdata/influxdb/tsdb/engine/tsm1.(*Engine).enableSnapshotCompactions
mai 14 03:15:50 raspberrypi influxd[9666]:         github.com/influxdata/influxdb/tsdb/engine/tsm1/engine.go:486 +0xfc
mai 14 03:15:50 raspberrypi influxd[9666]: goroutine 120 [select]:
mai 14 03:15:50 raspberrypi influxd[9666]: github.com/influxdata/influxdb/cmd/influxd/run.(*Command).monitorServerErrors(0x18a8cc0)
mai 14 03:15:50 raspberrypi influxd[9666]:         github.com/influxdata/influxdb/cmd/influxd/run/command.go:174 +0x134
mai 14 03:15:50 raspberrypi influxd[9666]: created by github.com/influxdata/influxdb/cmd/influxd/run.(*Command).Run
mai 14 03:15:50 raspberrypi influxd[9666]:         github.com/influxdata/influxdb/cmd/influxd/run/command.go:155 +0x920
mai 14 03:15:50 raspberrypi influxd[9666]: goroutine 119 [select]:
mai 14 03:15:50 raspberrypi influxd[9666]: github.com/influxdata/influxdb/coordinator.(*PointsWriter).WritePointsPrivileged(0x18a5310, 0x188ce80, 0x8, 0x19ed1e0, 0x7, 0x0, 0xe698000, 0x97, 0x1388, 0x0, ...)
mai 14 03:15:50 raspberrypi influxd[9666]:         github.com/influxdata/influxdb/coordinator/points_writer.go:350 +0x530
mai 14 03:15:50 raspberrypi influxd[9666]: github.com/influxdata/influxdb/services/collectd.(*Service).writePoints(0x19f8150)
mai 14 03:15:50 raspberrypi influxd[9666]:         github.com/influxdata/influxdb/services/collectd/service.go:403 +0x2e0
mai 14 03:15:50 raspberrypi influxd[9666]: github.com/influxdata/influxdb/services/collectd.(*Service).Open.func3(0x19f8150)
mai 14 03:15:50 raspberrypi influxd[9666]:         github.com/influxdata/influxdb/services/collectd/service.go:209 +0x48
mai 14 03:15:50 raspberrypi influxd[9666]: created by github.com/influxdata/influxdb/services/collectd.(*Service).Open
mai 14 03:15:50 raspberrypi influxd[9666]:         github.com/influxdata/influxdb/services/collectd/service.go:209 +0x544
mai 14 03:15:50 raspberrypi influxd[9666]: goroutine 116 [select]:
mai 14 03:15:50 raspberrypi influxd[9666]: github.com/influxdata/influxdb/services/retention.(*Service).run(0x18975f0)
mai 14 03:15:50 raspberrypi influxd[9666]:         github.com/influxdata/influxdb/services/retention/service.go:78 +0x8c0
mai 14 03:15:50 raspberrypi influxd[9666]: github.com/influxdata/influxdb/services/retention.(*Service).Open.func1(0x18975f0)
mai 14 03:15:50 raspberrypi influxd[9666]:         github.com/influxdata/influxdb/services/retention/service.go:51 +0x48
mai 14 03:15:50 raspberrypi influxd[9666]: created by github.com/influxdata/influxdb/services/retention.(*Service).Open
mai 14 03:15:50 raspberrypi influxd[9666]:         github.com/influxdata/influxdb/services/retention/service.go:51 +0x130
mai 14 03:15:50 raspberrypi influxd[9666]: goroutine 115 [IO wait, 1 minutes]:
mai 14 03:15:50 raspberrypi influxd[9666]: internal/poll.runtime_pollWait(0x647c2e40, 0x72, 0x0)
mai 14 03:15:50 raspberrypi influxd[9666]:         /usr/lib/go-1.11/src/runtime/netpoll.go:173 +0x44
mai 14 03:15:50 raspberrypi influxd[9666]: internal/poll.(*pollDesc).wait(0x193c014, 0x72, 0x3162100, 0x0, 0x0)
mai 14 03:15:50 raspberrypi influxd[9666]:         /usr/lib/go-1.11/src/internal/poll/fd_poll_runtime.go:85 +0x7c
mai 14 03:15:50 raspberrypi influxd[9666]: internal/poll.(*pollDesc).waitRead(0x193c014, 0xffffff00, 0x0, 0x0)
mai 14 03:15:50 raspberrypi influxd[9666]:         /usr/lib/go-1.11/src/internal/poll/fd_poll_runtime.go:90 +0x2c
mai 14 03:15:50 raspberrypi influxd[9666]: internal/poll.(*FD).Accept(0x193c000, 0x0, 0x0, 0x0, 0x0, 0x0, 0x0, 0x0)
mai 14 03:15:50 raspberrypi influxd[9666]:         /usr/lib/go-1.11/src/internal/poll/fd_unix.go:384 +0x17c
mai 14 03:15:50 raspberrypi influxd[9666]: net.(*netFD).accept(0x193c000, 0x0, 0x1c028c0, 0x192c000)
mai 14 03:15:50 raspberrypi influxd[9666]:         /usr/lib/go-1.11/src/net/fd_unix.go:238 +0x20
mai 14 03:15:50 raspberrypi influxd[9666]: net.(*TCPListener).accept(0x664f890, 0x2e245e0, 0x1a0338, 0x20)
mai 14 03:15:50 raspberrypi influxd[9666]:         /usr/lib/go-1.11/src/net/tcpsock_posix.go:139 +0x20
mai 14 03:15:50 raspberrypi influxd[9666]: net.(*TCPListener).Accept(0x664f890, 0x870820, 0x31621c0, 0x7fcc40, 0xfb26f8)
mai 14 03:15:50 raspberrypi influxd[9666]:         /usr/lib/go-1.11/src/net/tcpsock.go:260 +0x3c
mai 14 03:15:50 raspberrypi influxd[9666]: net/http.(*Server).Serve(0x2e24580, 0x9f0968, 0x664f890, 0x0, 0x0)
mai 14 03:15:50 raspberrypi influxd[9666]:         /usr/lib/go-1.11/src/net/http/server.go:2826 +0x1e0
mai 14 03:15:50 raspberrypi influxd[9666]: net/http.Serve(0x9f0968, 0x664f890, 0x9ea260, 0x19f80e0, 0x70797272, 0x6e692c69)
mai 14 03:15:50 raspberrypi influxd[9666]:         /usr/lib/go-1.11/src/net/http/server.go:2423 +0x58
mai 14 03:15:50 raspberrypi influxd[9666]: github.com/influxdata/influxdb/services/httpd.(*Service).serve(0x18a90e0, 0x9f0968, 0x664f890)
mai 14 03:15:50 raspberrypi influxd[9666]:         github.com/influxdata/influxdb/services/httpd/service.go:249 +0x38
mai 14 03:15:50 raspberrypi influxd[9666]: github.com/influxdata/influxdb/services/httpd.(*Service).serveTCP(0x18a90e0)
mai 14 03:15:50 raspberrypi influxd[9666]:         github.com/influxdata/influxdb/services/httpd/service.go:237 +0x2c
mai 14 03:15:50 raspberrypi influxd[9666]: created by github.com/influxdata/influxdb/services/httpd.(*Service).Open
mai 14 03:15:50 raspberrypi influxd[9666]:         github.com/influxdata/influxdb/services/httpd/service.go:185 +0x474
mai 14 03:15:50 raspberrypi influxd[9666]: goroutine 93 [select]:
mai 14 03:15:50 raspberrypi influxd[9666]: github.com/influxdata/influxdb/tsdb/engine/tsm1.(*Engine).compact(0x19760b0, 0x5576d00)
mai 14 03:15:50 raspberrypi influxd[9666]:         github.com/influxdata/influxdb/tsdb/engine/tsm1/engine.go:1949 +0x1ac
mai 14 03:15:50 raspberrypi influxd[9666]: github.com/influxdata/influxdb/tsdb/engine/tsm1.(*Engine).enableLevelCompactions.func1(0x5576d00, 0x19760b0)
mai 14 03:15:51 raspberrypi influxd[9666]:         github.com/influxdata/influxdb/tsdb/engine/tsm1/engine.go:407 +0x48
mai 14 03:15:51 raspberrypi influxd[9666]: created by github.com/influxdata/influxdb/tsdb/engine/tsm1.(*Engine).enableLevelCompactions
mai 14 03:15:51 raspberrypi influxd[9666]:         github.com/influxdata/influxdb/tsdb/engine/tsm1/engine.go:407 +0x114
mai 14 03:15:51 raspberrypi influxd[9666]: goroutine 92 [select]:
mai 14 03:15:51 raspberrypi influxd[9666]: github.com/influxdata/influxdb/tsdb/engine/tsm1.(*Engine).compactCache(0x19760b0)
mai 14 03:15:51 raspberrypi influxd[9666]:         github.com/influxdata/influxdb/tsdb/engine/tsm1/engine.go:1902 +0xd8
mai 14 03:15:51 raspberrypi influxd[9666]: github.com/influxdata/influxdb/tsdb/engine/tsm1.(*Engine).enableSnapshotCompactions.func1(0x5576cf0, 0x19760b0)
mai 14 03:15:51 raspberrypi influxd[9666]:         github.com/influxdata/influxdb/tsdb/engine/tsm1/engine.go:486 +0x40
mai 14 03:15:51 raspberrypi influxd[9666]: created by github.com/influxdata/influxdb/tsdb/engine/tsm1.(*Engine).enableSnapshotCompactions
mai 14 03:15:51 raspberrypi influxd[9666]:         github.com/influxdata/influxdb/tsdb/engine/tsm1/engine.go:486 +0xfc
mai 14 03:15:51 raspberrypi influxd[9666]: goroutine 130 [select]:
mai 14 03:15:51 raspberrypi influxd[9666]: github.com/influxdata/influxdb/tsdb/engine/tsm1.(*Engine).compactCache(0x26d6000)
mai 14 03:15:51 raspberrypi influxd[9666]:         github.com/influxdata/influxdb/tsdb/engine/tsm1/engine.go:1902 +0xd8
mai 14 03:15:51 raspberrypi influxd[9666]: github.com/influxdata/influxdb/tsdb/engine/tsm1.(*Engine).enableSnapshotCompactions.func1(0x5576d50, 0x26d6000)
mai 14 03:15:51 raspberrypi influxd[9666]:         github.com/influxdata/influxdb/tsdb/engine/tsm1/engine.go:486 +0x40
mai 14 03:15:51 raspberrypi influxd[9666]: created by github.com/influxdata/influxdb/tsdb/engine/tsm1.(*Engine).enableSnapshotCompactions
mai 14 03:15:51 raspberrypi influxd[9666]:         github.com/influxdata/influxdb/tsdb/engine/tsm1/engine.go:486 +0xfc
mai 14 03:15:51 raspberrypi influxd[9666]: goroutine 131 [select]:
mai 14 03:15:51 raspberrypi influxd[9666]: github.com/influxdata/influxdb/tsdb/engine/tsm1.(*Engine).compact(0x26d6000, 0x5576d60)
mai 14 03:15:51 raspberrypi influxd[9666]:         github.com/influxdata/influxdb/tsdb/engine/tsm1/engine.go:1949 +0x1ac
mai 14 03:15:51 raspberrypi influxd[9666]: github.com/influxdata/influxdb/tsdb/engine/tsm1.(*Engine).enableLevelCompactions.func1(0x5576d60, 0x26d6000)
mai 14 03:15:51 raspberrypi influxd[9666]:         github.com/influxdata/influxdb/tsdb/engine/tsm1/engine.go:407 +0x48
mai 14 03:15:51 raspberrypi influxd[9666]: created by github.com/influxdata/influxdb/tsdb/engine/tsm1.(*Engine).enableLevelCompactions
mai 14 03:15:51 raspberrypi influxd[9666]:         github.com/influxdata/influxdb/tsdb/engine/tsm1/engine.go:407 +0x114
mai 14 03:15:51 raspberrypi influxd[9666]: goroutine 132 [select]:
mai 14 03:15:51 raspberrypi influxd[9666]: github.com/influxdata/influxdb/tsdb.(*Store).monitorShards(0x18a7200)
mai 14 03:15:51 raspberrypi influxd[9666]:         github.com/influxdata/influxdb/tsdb/store.go:1776 +0x12c
mai 14 03:15:51 raspberrypi influxd[9666]: created by github.com/influxdata/influxdb/tsdb.(*Store).Open
mai 14 03:15:51 raspberrypi influxd[9666]:         github.com/influxdata/influxdb/tsdb/store.go:197 +0x20c
mai 14 03:15:51 raspberrypi influxd[9666]: goroutine 133 [select]:
mai 14 03:15:51 raspberrypi influxd[9666]: github.com/influxdata/influxdb/services/subscriber.(*Service).run(0x18c6900)
mai 14 03:15:51 raspberrypi influxd[9666]:         github.com/influxdata/influxdb/services/subscriber/service.go:239 +0x1d8
mai 14 03:15:51 raspberrypi influxd[9666]: github.com/influxdata/influxdb/services/subscriber.(*Service).Open.func1(0x18c6900)
mai 14 03:15:51 raspberrypi influxd[9666]:         github.com/influxdata/influxdb/services/subscriber/service.go:98 +0x48
mai 14 03:15:51 raspberrypi influxd[9666]: created by github.com/influxdata/influxdb/services/subscriber.(*Service).Open
mai 14 03:15:51 raspberrypi influxd[9666]:         github.com/influxdata/influxdb/services/subscriber/service.go:96 +0x13c
mai 14 03:15:51 raspberrypi influxd[9666]: goroutine 134 [select, 1 minutes]:
mai 14 03:15:51 raspberrypi influxd[9666]: github.com/influxdata/influxdb/services/subscriber.(*Service).waitForMetaUpdates(0x18c6900)
mai 14 03:15:51 raspberrypi influxd[9666]:         github.com/influxdata/influxdb/services/subscriber/service.go:165 +0x8c
mai 14 03:15:51 raspberrypi influxd[9666]: github.com/influxdata/influxdb/services/subscriber.(*Service).Open.func2(0x18c6900)
mai 14 03:15:51 raspberrypi influxd[9666]:         github.com/influxdata/influxdb/services/subscriber/service.go:102 +0x48
mai 14 03:15:51 raspberrypi influxd[9666]: created by github.com/influxdata/influxdb/services/subscriber.(*Service).Open
mai 14 03:15:51 raspberrypi influxd[9666]:         github.com/influxdata/influxdb/services/subscriber/service.go:100 +0x158
mai 14 03:15:51 raspberrypi influxd[9666]: goroutine 135 [runnable]:
mai 14 03:15:51 raspberrypi influxd[9666]: github.com/influxdata/influxdb/pkg/estimator/hll.(*Plus).Clone(0x3fc4b40, 0x8faf20, 0x2e24200)
mai 14 03:15:51 raspberrypi influxd[9666]:         github.com/influxdata/influxdb/pkg/estimator/hll/hll.go:141 +0xd8
mai 14 03:15:51 raspberrypi influxd[9666]: github.com/influxdata/influxdb/tsdb/index/tsi1.(*Index).MeasurementsSketches(0x2e24200, 0x0, 0x0, 0x0, 0x0, 0x0, 0x0)
mai 14 03:15:51 raspberrypi influxd[9666]:         github.com/influxdata/influxdb/tsdb/index/tsi1/index.go:751 +0x7c
mai 14 03:15:51 raspberrypi influxd[9666]: github.com/influxdata/influxdb/tsdb/engine/tsm1.(*Engine).MeasurementsSketches(0x427ad10, 0x9f7b78, 0x427ad10, 0x0, 0x0, 0x8294c, 0x18a7210)
mai 14 03:15:51 raspberrypi influxd[9666]:         github.com/influxdata/influxdb/tsdb/engine/tsm1/engine.go:592 +0x28
mai 14 03:15:51 raspberrypi influxd[9666]: github.com/influxdata/influxdb/tsdb.(*Shard).MeasurementsSketches(0x18e88c0, 0x1, 0x0, 0x4cfaa0, 0x18a7210, 0xffffffff, 0x0)
mai 14 03:15:51 raspberrypi influxd[9666]:         github.com/influxdata/influxdb/tsdb/shard.go:751 +0x64
mai 14 03:15:51 raspberrypi influxd[9666]: github.com/influxdata/influxdb/tsdb.(*Store).MeasurementsCardinality.func1(0x18e88c0, 0x1932800, 0x3ca16e0, 0x8, 0x8, 0x4beed0, 0x0)
mai 14 03:15:51 raspberrypi influxd[9666]:         github.com/influxdata/influxdb/tsdb/store.go:1076 +0x88
mai 14 03:15:51 raspberrypi influxd[9666]: github.com/influxdata/influxdb/tsdb.(*Store).sketchesForDatabase(0x18a7200, 0x188ad34, 0x9, 0x8fa474, 0x1932330, 0x0, 0x0, 0x8, 0x8, 0x1827cc0)
mai 14 03:15:51 raspberrypi influxd[9666]:         github.com/influxdata/influxdb/tsdb/store.go:1003 +0xd0
mai 14 03:15:51 raspberrypi influxd[9666]: github.com/influxdata/influxdb/tsdb.(*Store).MeasurementsCardinality(0x18a7200, 0x188ad34, 0x9, 0xaf0, 0x0, 0x0, 0x0)
mai 14 03:15:51 raspberrypi influxd[9666]:         github.com/influxdata/influxdb/tsdb/store.go:1072 +0x34
mai 14 03:15:51 raspberrypi influxd[9666]: github.com/influxdata/influxdb/tsdb.(*Store).Statistics(0x18a7200, 0x19ccae0, 0x1, 0x1, 0x64a5b90)
mai 14 03:15:51 raspberrypi influxd[9666]:         github.com/influxdata/influxdb/tsdb/store.go:116 +0x2fc
mai 14 03:15:51 raspberrypi influxd[9666]: github.com/influxdata/influxdb/cmd/influxd/run.(*Server).Statistics(0x1889680, 0x19ccae0, 0x188973c, 0x8c95b6, 0xd6516d61)
mai 14 03:15:51 raspberrypi influxd[9666]:         github.com/influxdata/influxdb/cmd/influxd/run/server.go:237 +0x94
mai 14 03:15:51 raspberrypi influxd[9666]: github.com/influxdata/influxdb/monitor.(*Monitor).gatherStatistics(0x1889710, 0x3e620c8, 0x1, 0x2, 0x19ccae0, 0x0, 0x0, 0x0)
mai 14 03:15:51 raspberrypi influxd[9666]:         github.com/influxdata/influxdb/monitor/service.go:352 +0x88
mai 14 03:15:51 raspberrypi influxd[9666]: github.com/influxdata/influxdb/monitor.(*Monitor).Statistics(0x1889710, 0x19ccae0, 0xdbf22d3c, 0xe, 0xfbcf70, 0x540be400, 0x2)
mai 14 03:15:51 raspberrypi influxd[9666]:         github.com/influxdata/influxdb/monitor/service.go:343 +0xb54
mai 14 03:15:51 raspberrypi influxd[9666]: github.com/influxdata/influxdb/monitor.(*Monitor).storeStatistics(0x1889710)
mai 14 03:15:51 raspberrypi influxd[9666]:         github.com/influxdata/influxdb/monitor/service.go:441 +0x61c
mai 14 03:15:51 raspberrypi influxd[9666]: created by github.com/influxdata/influxdb/monitor.(*Monitor).Open
mai 14 03:15:51 raspberrypi influxd[9666]:         github.com/influxdata/influxdb/monitor/service.go:126 +0x2b8
mai 14 03:15:51 raspberrypi influxd[9666]: goroutine 136 [select, 1 minutes]:
mai 14 03:15:51 raspberrypi influxd[9666]: github.com/influxdata/influxdb/services/precreator.(*Service).runPrecreation(0x1897260)
mai 14 03:15:51 raspberrypi influxd[9666]:         github.com/influxdata/influxdb/services/precreator/service.go:76 +0xc8
mai 14 03:15:51 raspberrypi influxd[9666]: created by github.com/influxdata/influxdb/services/precreator.(*Service).Open
mai 14 03:15:51 raspberrypi influxd[9666]:         github.com/influxdata/influxdb/services/precreator/service.go:54 +0x164
mai 14 03:15:51 raspberrypi influxd[9666]: goroutine 137 [select, 1 minutes]:
mai 14 03:15:51 raspberrypi influxd[9666]: github.com/influxdata/influxdb/tcp.(*listener).Accept(0x1897650, 0x0, 0x0, 0x0, 0x0)
mai 14 03:15:51 raspberrypi influxd[9666]:         github.com/influxdata/influxdb/tcp/mux.go:236 +0xd8
mai 14 03:15:51 raspberrypi influxd[9666]: github.com/influxdata/influxdb/services/snapshotter.(*Service).serve(0x18972c0)
mai 14 03:15:51 raspberrypi influxd[9666]:         github.com/influxdata/influxdb/services/snapshotter/service.go:94 +0x54
mai 14 03:15:51 raspberrypi influxd[9666]: created by github.com/influxdata/influxdb/services/snapshotter.(*Service).Open
mai 14 03:15:51 raspberrypi influxd[9666]:         github.com/influxdata/influxdb/services/snapshotter/service.go:68 +0x74
mai 14 03:15:51 raspberrypi influxd[9666]: goroutine 138 [select]:
mai 14 03:15:51 raspberrypi influxd[9666]: github.com/influxdata/influxdb/services/continuous_querier.(*Service).backgroundLoop(0x18a9080)
mai 14 03:15:51 raspberrypi influxd[9666]:         github.com/influxdata/influxdb/services/continuous_querier/service.go:215 +0x114
mai 14 03:15:51 raspberrypi influxd[9666]: created by github.com/influxdata/influxdb/services/continuous_querier.(*Service).Open
mai 14 03:15:51 raspberrypi influxd[9666]:         github.com/influxdata/influxdb/services/continuous_querier/service.go:133 +0x154
mai 14 03:15:51 raspberrypi influxd[9666]: goroutine 543 [runnable]:
mai 14 03:15:51 raspberrypi influxd[9666]: github.com/influxdata/influxdb/tsdb/engine/tsm1.(*ring).write(0x4198980, 0x3453d10, 0x41, 0x50, 0x5a339c0, 0x1, 0x1, 0x1c344, 0x12c64, 0x24114)
mai 14 03:15:51 raspberrypi influxd[9666]:         github.com/influxdata/influxdb/tsdb/engine/tsm1/ring.go:99 +0x94
mai 14 03:15:51 raspberrypi influxd[9666]: github.com/influxdata/influxdb/tsdb/engine/tsm1.(*Cache).WriteMulti(0x1ad0580, 0x22e7e40, 0x26d6000, 0x4f)
mai 14 03:15:51 raspberrypi influxd[9666]:         github.com/influxdata/influxdb/tsdb/engine/tsm1/cache.go:343 +0x2b0
mai 14 03:15:51 raspberrypi influxd[9666]: github.com/influxdata/influxdb/tsdb/engine/tsm1.(*Engine).WritePoints(0x26d6000, 0x18f0500, 0x97, 0x97, 0x0, 0x0)
mai 14 03:15:51 raspberrypi influxd[9666]:         github.com/influxdata/influxdb/tsdb/engine/tsm1/engine.go:1336 +0xbc0
mai 14 03:15:51 raspberrypi influxd[9666]: github.com/influxdata/influxdb/tsdb.(*Shard).WritePoints(0x1ad2280, 0x18f0500, 0x97, 0x97, 0x0, 0x0)
mai 14 03:15:51 raspberrypi influxd[9666]:         github.com/influxdata/influxdb/tsdb/shard.go:511 +0x1c0
mai 14 03:15:51 raspberrypi influxd[9666]: github.com/influxdata/influxdb/tsdb.(*Store).WriteToShard(0x18a7200, 0x2c1, 0x0, 0x18f0500, 0x97, 0x97, 0x4, 0x0)
mai 14 03:15:51 raspberrypi influxd[9666]:         github.com/influxdata/influxdb/tsdb/store.go:1297 +0xc8
mai 14 03:15:51 raspberrypi influxd[9666]: github.com/influxdata/influxdb/coordinator.(*PointsWriter).writeToShard(0x18a5310, 0x2cbf3a0, 0x188ce80, 0x8, 0x19ed1e0, 0x7, 0x18f0500, 0x97, 0x97, 0x5d3801, ...)
mai 14 03:15:51 raspberrypi influxd[9666]:         github.com/influxdata/influxdb/coordinator/points_writer.go:370 +0x84
mai 14 03:15:51 raspberrypi influxd[9666]: github.com/influxdata/influxdb/coordinator.(*PointsWriter).WritePointsPrivileged.func1(0x18a5310, 0x1827280, 0x2cbf3a0, 0x188ce80, 0x8, 0x19ed1e0, 0x7, 0x18f0500, 0x97, 0x97)
mai 14 03:15:51 raspberrypi influxd[9666]:         github.com/influxdata/influxdb/coordinator/points_writer.go:312 +0x5c
mai 14 03:15:51 raspberrypi influxd[9666]: created by github.com/influxdata/influxdb/coordinator.(*PointsWriter).WritePointsPrivileged
mai 14 03:15:51 raspberrypi influxd[9666]:         github.com/influxdata/influxdb/coordinator/points_writer.go:311 +0x208
mai 14 03:15:52 raspberrypi systemd[1]: influxdb.service: Main process exited, code=exited, status=2/INVALIDARGUMENT
mai 14 03:15:52 raspberrypi systemd[1]: influxdb.service: Failed with result 'exit-code'.
